{"total": {"lines":{"total":620,"covered":576,"skipped":0,"pct":92.9},"statements":{"total":634,"covered":590,"skipped":0,"pct":93.05},"functions":{"total":79,"covered":72,"skipped":0,"pct":91.13},"branches":{"total":209,"covered":151,"skipped":0,"pct":72.24},"branchesTrue":{"total":0,"covered":0,"skipped":0,"pct":100}}
,"/home/devtrust/tiktok-influencer-marketing-backend/tiktok-api/src/config/db.ts": {"lines":{"total":7,"covered":7,"skipped":0,"pct":100},"functions":{"total":3,"covered":3,"skipped":0,"pct":100},"statements":{"total":8,"covered":8,"skipped":0,"pct":100},"branches":{"total":0,"covered":0,"skipped":0,"pct":100}}
,"/home/devtrust/tiktok-influencer-marketing-backend/tiktok-api/src/config/env.ts": {"lines":{"total":4,"covered":4,"skipped":0,"pct":100},"functions":{"total":0,"covered":0,"skipped":0,"pct":100},"statements":{"total":4,"covered":4,"skipped":0,"pct":100},"branches":{"total":58,"covered":29,"skipped":0,"pct":50}}
,"/home/devtrust/tiktok-influencer-marketing-backend/tiktok-api/src/config/middleware.config.ts": {"lines":{"total":19,"covered":19,"skipped":0,"pct":100},"functions":{"total":2,"covered":2,"skipped":0,"pct":100},"statements":{"total":20,"covered":20,"skipped":0,"pct":100},"branches":{"total":0,"covered":0,"skipped":0,"pct":100}}
,"/home/devtrust/tiktok-influencer-marketing-backend/tiktok-api/src/config/swagger.config.ts": {"lines":{"total":7,"covered":7,"skipped":0,"pct":100},"functions":{"total":0,"covered":0,"skipped":0,"pct":100},"statements":{"total":7,"covered":7,"skipped":0,"pct":100},"branches":{"total":0,"covered":0,"skipped":0,"pct":100}}
,"/home/devtrust/tiktok-influencer-marketing-backend/tiktok-api/src/constants/http.constants.ts": {"lines":{"total":18,"covered":18,"skipped":0,"pct":100},"functions":{"total":2,"covered":2,"skipped":0,"pct":100},"statements":{"total":18,"covered":18,"skipped":0,"pct":100},"branches":{"total":2,"covered":2,"skipped":0,"pct":100}}
,"/home/devtrust/tiktok-influencer-marketing-backend/tiktok-api/src/controllers/auth.controller.ts": {"lines":{"total":50,"covered":44,"skipped":0,"pct":88},"functions":{"total":7,"covered":6,"skipped":0,"pct":85.71},"statements":{"total":50,"covered":44,"skipped":0,"pct":88},"branches":{"total":6,"covered":4,"skipped":0,"pct":66.66}}
,"/home/devtrust/tiktok-influencer-marketing-backend/tiktok-api/src/controllers/user.controller.ts": {"lines":{"total":19,"covered":0,"skipped":0,"pct":0},"functions":{"total":3,"covered":0,"skipped":0,"pct":0},"statements":{"total":19,"covered":0,"skipped":0,"pct":0},"branches":{"total":0,"covered":0,"skipped":0,"pct":100}}
,"/home/devtrust/tiktok-influencer-marketing-backend/tiktok-api/src/integrations/email.integration.ts": {"lines":{"total":24,"covered":19,"skipped":0,"pct":79.16},"functions":{"total":3,"covered":2,"skipped":0,"pct":66.66},"statements":{"total":24,"covered":19,"skipped":0,"pct":79.16},"branches":{"total":0,"covered":0,"skipped":0,"pct":100}}
,"/home/devtrust/tiktok-influencer-marketing-backend/tiktok-api/src/middlewares/auth.middleware.ts": {"lines":{"total":79,"covered":75,"skipped":0,"pct":94.93},"functions":{"total":7,"covered":7,"skipped":0,"pct":100},"statements":{"total":81,"covered":77,"skipped":0,"pct":95.06},"branches":{"total":39,"covered":35,"skipped":0,"pct":89.74}}
,"/home/devtrust/tiktok-influencer-marketing-backend/tiktok-api/src/middlewares/error.middleware.ts": {"lines":{"total":15,"covered":15,"skipped":0,"pct":100},"functions":{"total":3,"covered":3,"skipped":0,"pct":100},"statements":{"total":16,"covered":16,"skipped":0,"pct":100},"branches":{"total":12,"covered":10,"skipped":0,"pct":83.33}}
,"/home/devtrust/tiktok-influencer-marketing-backend/tiktok-api/src/middlewares/transaction.middleware.ts": {"lines":{"total":7,"covered":7,"skipped":0,"pct":100},"functions":{"total":3,"covered":3,"skipped":0,"pct":100},"statements":{"total":7,"covered":7,"skipped":0,"pct":100},"branches":{"total":0,"covered":0,"skipped":0,"pct":100}}
,"/home/devtrust/tiktok-influencer-marketing-backend/tiktok-api/src/middlewares/validation.middleware.ts": {"lines":{"total":16,"covered":16,"skipped":0,"pct":100},"functions":{"total":2,"covered":2,"skipped":0,"pct":100},"statements":{"total":17,"covered":17,"skipped":0,"pct":100},"branches":{"total":6,"covered":5,"skipped":0,"pct":83.33}}
,"/home/devtrust/tiktok-influencer-marketing-backend/tiktok-api/src/models/login-attempt.model.ts": {"lines":{"total":4,"covered":4,"skipped":0,"pct":100},"functions":{"total":0,"covered":0,"skipped":0,"pct":100},"statements":{"total":4,"covered":4,"skipped":0,"pct":100},"branches":{"total":0,"covered":0,"skipped":0,"pct":100}}
,"/home/devtrust/tiktok-influencer-marketing-backend/tiktok-api/src/models/plan.model.ts": {"lines":{"total":3,"covered":3,"skipped":0,"pct":100},"functions":{"total":0,"covered":0,"skipped":0,"pct":100},"statements":{"total":3,"covered":3,"skipped":0,"pct":100},"branches":{"total":0,"covered":0,"skipped":0,"pct":100}}
,"/home/devtrust/tiktok-influencer-marketing-backend/tiktok-api/src/models/reset-token.model.ts": {"lines":{"total":3,"covered":3,"skipped":0,"pct":100},"functions":{"total":0,"covered":0,"skipped":0,"pct":100},"statements":{"total":3,"covered":3,"skipped":0,"pct":100},"branches":{"total":0,"covered":0,"skipped":0,"pct":100}}
,"/home/devtrust/tiktok-influencer-marketing-backend/tiktok-api/src/models/session.model.ts": {"lines":{"total":33,"covered":33,"skipped":0,"pct":100},"functions":{"total":5,"covered":5,"skipped":0,"pct":100},"statements":{"total":33,"covered":33,"skipped":0,"pct":100},"branches":{"total":10,"covered":6,"skipped":0,"pct":60}}
,"/home/devtrust/tiktok-influencer-marketing-backend/tiktok-api/src/models/subscription.model.ts": {"lines":{"total":15,"covered":15,"skipped":0,"pct":100},"functions":{"total":2,"covered":2,"skipped":0,"pct":100},"statements":{"total":15,"covered":15,"skipped":0,"pct":100},"branches":{"total":2,"covered":2,"skipped":0,"pct":100}}
,"/home/devtrust/tiktok-influencer-marketing-backend/tiktok-api/src/models/user.model.ts": {"lines":{"total":10,"covered":7,"skipped":0,"pct":70},"functions":{"total":2,"covered":1,"skipped":0,"pct":50},"statements":{"total":10,"covered":7,"skipped":0,"pct":70},"branches":{"total":1,"covered":0,"skipped":0,"pct":0}}
,"/home/devtrust/tiktok-influencer-marketing-backend/tiktok-api/src/models/verification-token.model.ts": {"lines":{"total":3,"covered":3,"skipped":0,"pct":100},"functions":{"total":0,"covered":0,"skipped":0,"pct":100},"statements":{"total":3,"covered":3,"skipped":0,"pct":100},"branches":{"total":0,"covered":0,"skipped":0,"pct":100}}
,"/home/devtrust/tiktok-influencer-marketing-backend/tiktok-api/src/routes/index.ts": {"lines":{"total":8,"covered":8,"skipped":0,"pct":100},"functions":{"total":2,"covered":2,"skipped":0,"pct":100},"statements":{"total":9,"covered":9,"skipped":0,"pct":100},"branches":{"total":0,"covered":0,"skipped":0,"pct":100}}
,"/home/devtrust/tiktok-influencer-marketing-backend/tiktok-api/src/routes/v1/auth.routes.ts": {"lines":{"total":13,"covered":13,"skipped":0,"pct":100},"functions":{"total":0,"covered":0,"skipped":0,"pct":100},"statements":{"total":13,"covered":13,"skipped":0,"pct":100},"branches":{"total":0,"covered":0,"skipped":0,"pct":100}}
,"/home/devtrust/tiktok-influencer-marketing-backend/tiktok-api/src/routes/v1/index.ts": {"lines":{"total":7,"covered":7,"skipped":0,"pct":100},"functions":{"total":0,"covered":0,"skipped":0,"pct":100},"statements":{"total":7,"covered":7,"skipped":0,"pct":100},"branches":{"total":0,"covered":0,"skipped":0,"pct":100}}
,"/home/devtrust/tiktok-influencer-marketing-backend/tiktok-api/src/routes/v1/user.routes.ts": {"lines":{"total":10,"covered":10,"skipped":0,"pct":100},"functions":{"total":0,"covered":0,"skipped":0,"pct":100},"statements":{"total":10,"covered":10,"skipped":0,"pct":100},"branches":{"total":0,"covered":0,"skipped":0,"pct":100}}
,"/home/devtrust/tiktok-influencer-marketing-backend/tiktok-api/src/services/auth.service.ts": {"lines":{"total":127,"covered":124,"skipped":0,"pct":97.63},"functions":{"total":11,"covered":11,"skipped":0,"pct":100},"statements":{"total":127,"covered":124,"skipped":0,"pct":97.63},"branches":{"total":37,"covered":30,"skipped":0,"pct":81.08}}
,"/home/devtrust/tiktok-influencer-marketing-backend/tiktok-api/src/services/user.service.ts": {"lines":{"total":29,"covered":29,"skipped":0,"pct":100},"functions":{"total":3,"covered":3,"skipped":0,"pct":100},"statements":{"total":29,"covered":29,"skipped":0,"pct":100},"branches":{"total":5,"covered":5,"skipped":0,"pct":100}}
,"/home/devtrust/tiktok-influencer-marketing-backend/tiktok-api/src/utils/cookie.util.ts": {"lines":{"total":21,"covered":17,"skipped":0,"pct":80.95},"functions":{"total":5,"covered":4,"skipped":0,"pct":80},"statements":{"total":25,"covered":21,"skipped":0,"pct":84},"branches":{"total":10,"covered":4,"skipped":0,"pct":40}}
,"/home/devtrust/tiktok-influencer-marketing-backend/tiktok-api/src/utils/errorHandler.util.ts": {"lines":{"total":6,"covered":6,"skipped":0,"pct":100},"functions":{"total":1,"covered":1,"skipped":0,"pct":100},"statements":{"total":6,"covered":6,"skipped":0,"pct":100},"branches":{"total":3,"covered":3,"skipped":0,"pct":100}}
,"/home/devtrust/tiktok-influencer-marketing-backend/tiktok-api/src/utils/logger.util.ts": {"lines":{"total":8,"covered":8,"skipped":0,"pct":100},"functions":{"total":2,"covered":2,"skipped":0,"pct":100},"statements":{"total":8,"covered":8,"skipped":0,"pct":100},"branches":{"total":2,"covered":1,"skipped":0,"pct":50}}
,"/home/devtrust/tiktok-influencer-marketing-backend/tiktok-api/src/utils/responseHandler.util.ts": {"lines":{"total":8,"covered":8,"skipped":0,"pct":100},"functions":{"total":4,"covered":4,"skipped":0,"pct":100},"statements":{"total":8,"covered":8,"skipped":0,"pct":100},"branches":{"total":10,"covered":10,"skipped":0,"pct":100}}
,"/home/devtrust/tiktok-influencer-marketing-backend/tiktok-api/src/utils/scheduler.util.ts": {"lines":{"total":10,"covered":10,"skipped":0,"pct":100},"functions":{"total":2,"covered":2,"skipped":0,"pct":100},"statements":{"total":11,"covered":11,"skipped":0,"pct":100},"branches":{"total":0,"covered":0,"skipped":0,"pct":100}}
,"/home/devtrust/tiktok-influencer-marketing-backend/tiktok-api/src/validators/auth.validator.ts": {"lines":{"total":7,"covered":7,"skipped":0,"pct":100},"functions":{"total":0,"covered":0,"skipped":0,"pct":100},"statements":{"total":7,"covered":7,"skipped":0,"pct":100},"branches":{"total":0,"covered":0,"skipped":0,"pct":100}}
,"/home/devtrust/tiktok-influencer-marketing-backend/tiktok-api/src/validators/index.ts": {"lines":{"total":24,"covered":24,"skipped":0,"pct":100},"functions":{"total":4,"covered":4,"skipped":0,"pct":100},"statements":{"total":26,"covered":26,"skipped":0,"pct":100},"branches":{"total":6,"covered":5,"skipped":0,"pct":83.33}}
,"/home/devtrust/tiktok-influencer-marketing-backend/tiktok-api/src/validators/user.validator.ts": {"lines":{"total":6,"covered":6,"skipped":0,"pct":100},"functions":{"total":1,"covered":1,"skipped":0,"pct":100},"statements":{"total":6,"covered":6,"skipped":0,"pct":100},"branches":{"total":0,"covered":0,"skipped":0,"pct":100}}
}
