TN:
SF:src/config/db.ts
FN:4,(anonymous_1)
FN:7,(anonymous_2)
FN:10,(anonymous_3)
FNF:3
FNH:3
FNDA:2,(anonymous_1)
FNDA:1,(anonymous_2)
FNDA:1,(anonymous_3)
DA:1,1
DA:2,1
DA:4,1
DA:5,2
DA:8,1
DA:11,1
DA:12,1
LF:7
LH:7
BRF:0
BRH:0
end_of_record
TN:
SF:src/config/env.ts
FNF:0
FNH:0
DA:1,19
DA:5,19
DA:34,19
DA:75,19
LF:4
LH:4
BRDA:35,0,0,19
BRDA:35,0,1,0
BRDA:36,1,0,19
BRDA:36,1,1,0
BRDA:37,2,0,19
BRDA:37,2,1,0
BRDA:38,3,0,19
BRDA:38,3,1,0
BRDA:39,4,0,19
BRDA:39,4,1,0
BRDA:40,5,0,19
BRDA:40,5,1,0
BRDA:42,6,0,19
BRDA:42,6,1,0
BRDA:43,7,0,19
BRDA:43,7,1,0
BRDA:44,8,0,19
BRDA:44,8,1,0
BRDA:45,9,0,19
BRDA:45,9,1,0
BRDA:46,10,0,19
BRDA:46,10,1,0
BRDA:47,11,0,19
BRDA:47,11,1,0
BRDA:49,12,0,19
BRDA:49,12,1,0
BRDA:50,13,0,19
BRDA:50,13,1,0
BRDA:51,14,0,19
BRDA:51,14,1,0
BRDA:53,15,0,19
BRDA:53,15,1,0
BRDA:55,16,0,19
BRDA:55,16,1,0
BRDA:57,17,0,19
BRDA:57,17,1,0
BRDA:58,18,0,19
BRDA:58,18,1,0
BRDA:59,19,0,19
BRDA:59,19,1,0
BRDA:60,20,0,19
BRDA:60,20,1,0
BRDA:61,21,0,19
BRDA:61,21,1,0
BRDA:62,22,0,19
BRDA:62,22,1,0
BRDA:64,23,0,19
BRDA:64,23,1,0
BRDA:66,24,0,19
BRDA:66,24,1,0
BRDA:67,25,0,19
BRDA:67,25,1,0
BRDA:69,26,0,19
BRDA:69,26,1,0
BRDA:71,27,0,19
BRDA:71,27,1,0
BRDA:72,28,0,19
BRDA:72,28,1,0
BRF:58
BRH:29
end_of_record
TN:
SF:src/config/middleware.config.ts
FN:11,(anonymous_1)
FN:35,(anonymous_2)
FNF:2
FNH:2
FNDA:2,(anonymous_1)
FNDA:1,(anonymous_2)
DA:1,1
DA:2,1
DA:3,1
DA:4,1
DA:5,1
DA:6,1
DA:7,1
DA:8,1
DA:9,1
DA:11,1
DA:13,2
DA:29,2
DA:36,1
DA:37,1
DA:45,2
DA:46,2
DA:47,2
DA:50,2
DA:53,2
LF:19
LH:19
BRF:0
BRH:0
end_of_record
TN:
SF:src/config/swagger.config.ts
FNF:0
FNH:0
DA:1,1
DA:2,1
DA:25,1
DA:53,1
DA:56,1
DA:81,1
DA:86,1
LF:7
LH:7
BRF:0
BRH:0
end_of_record
TN:
SF:src/constants/http.constants.ts
FN:1,(anonymous_0)
FN:80,(anonymous_1)
FNF:2
FNH:2
FNDA:24,(anonymous_0)
FNDA:840,(anonymous_1)
DA:1,24
DA:2,24
DA:3,24
DA:4,24
DA:5,24
DA:6,24
DA:7,24
DA:8,24
DA:9,24
DA:10,24
DA:11,24
DA:12,24
DA:13,24
DA:16,24
DA:36,24
DA:76,24
DA:79,24
DA:80,840
LF:18
LH:18
BRDA:1,0,0,24
BRDA:1,0,1,24
BRF:2
BRH:2
end_of_record
TN:
SF:src/controllers/auth.controller.ts
FN:29,(anonymous_1)
FN:49,(anonymous_2)
FN:63,(anonymous_3)
FN:88,(anonymous_4)
FN:102,(anonymous_5)
FN:116,(anonymous_6)
FN:144,(anonymous_7)
FNF:7
FNH:6
FNDA:0,(anonymous_1)
FNDA:1,(anonymous_2)
FNDA:1,(anonymous_3)
FNDA:1,(anonymous_4)
FNDA:1,(anonymous_5)
FNDA:2,(anonymous_6)
FNDA:1,(anonymous_7)
DA:2,1
DA:3,1
DA:4,1
DA:5,1
DA:6,1
DA:19,1
DA:21,1
DA:25,1
DA:27,1
DA:30,0
DA:32,0
DA:39,0
DA:48,1
DA:50,1
DA:52,1
DA:53,1
DA:62,1
DA:64,1
DA:66,1
DA:72,1
DA:79,1
DA:87,1
DA:89,1
DA:91,1
DA:92,1
DA:101,1
DA:103,1
DA:105,1
DA:106,1
DA:115,1
DA:117,2
DA:118,2
DA:120,2
DA:121,1
DA:127,1
DA:128,1
DA:130,1
DA:131,0
DA:133,1
DA:134,1
DA:143,1
DA:145,1
DA:147,1
DA:148,0
DA:149,0
DA:156,1
DA:159,1
DA:161,1
DA:163,1
DA:170,1
LF:50
LH:44
BRDA:120,0,0,1
BRDA:120,1,0,2
BRDA:120,1,1,1
BRDA:127,2,0,1
BRDA:130,3,0,0
BRDA:147,4,0,0
BRF:6
BRH:4
end_of_record
TN:
SF:src/controllers/user.controller.ts
FN:10,(anonymous_1)
FN:16,(anonymous_2)
FN:32,(anonymous_3)
FNF:3
FNH:0
FNDA:0,(anonymous_1)
FNDA:0,(anonymous_2)
FNDA:0,(anonymous_3)
DA:2,0
DA:3,0
DA:4,0
DA:6,0
DA:8,0
DA:10,0
DA:11,0
DA:12,0
DA:13,0
DA:16,0
DA:17,0
DA:19,0
DA:22,0
DA:29,0
DA:32,0
DA:33,0
DA:35,0
DA:37,0
DA:43,0
LF:19
LH:0
BRF:0
BRH:0
end_of_record
TN:
SF:src/integrations/email.integration.ts
FN:18,(anonymous_1)
FN:85,(anonymous_2)
FN:152,(anonymous_3)
FNF:3
FNH:2
FNDA:2,(anonymous_1)
FNDA:3,(anonymous_2)
FNDA:0,(anonymous_3)
DA:1,6
DA:2,6
DA:3,6
DA:4,6
DA:5,6
DA:7,6
DA:8,6
DA:19,2
DA:20,2
DA:21,2
DA:74,1
DA:76,1
DA:77,1
DA:86,3
DA:87,3
DA:88,3
DA:141,1
DA:143,2
DA:144,2
DA:153,0
DA:154,0
DA:201,0
DA:203,0
DA:204,0
LF:24
LH:19
BRF:0
BRH:0
end_of_record
TN:
SF:src/middlewares/auth.middleware.ts
FN:28,(anonymous_1)
FN:138,(anonymous_2)
FN:157,(anonymous_3)
FN:175,(anonymous_4)
FN:194,(anonymous_5)
FN:233,(anonymous_6)
FN:238,(anonymous_7)
FNF:7
FNH:7
FNDA:7,(anonymous_1)
FNDA:6,(anonymous_2)
FNDA:4,(anonymous_3)
FNDA:3,(anonymous_4)
FNDA:2,(anonymous_5)
FNDA:7,(anonymous_6)
FNDA:7,(anonymous_7)
DA:2,1
DA:4,1
DA:5,1
DA:6,1
DA:9,1
DA:10,1
DA:15,1
DA:28,1
DA:34,7
DA:36,7
DA:38,7
DA:40,7
DA:42,7
DA:43,1
DA:44,1
DA:53,6
DA:54,6
DA:59,4
DA:62,4
DA:68,4
DA:69,1
DA:70,1
DA:79,3
DA:81,3
DA:90,2
DA:91,1
DA:92,1
DA:101,1
DA:102,0
DA:103,0
DA:112,1
DA:113,1
DA:114,1
DA:116,3
DA:117,1
DA:118,1
DA:126,2
DA:127,2
DA:138,1
DA:143,6
DA:144,1
DA:151,1
DA:153,5
DA:157,1
DA:161,4
DA:162,1
DA:169,1
DA:171,3
DA:175,1
DA:180,3
DA:181,1
DA:188,1
DA:190,2
DA:194,1
DA:199,2
DA:200,2
DA:202,2
DA:203,0
DA:213,0
DA:216,2
DA:217,1
DA:227,1
DA:230,1
DA:233,1
DA:238,7
DA:243,7
DA:244,7
DA:245,1
DA:255,6
DA:256,1
DA:260,5
DA:261,4
DA:264,4
DA:265,1
DA:269,3
DA:270,1
DA:274,2
DA:275,1
DA:279,2
LF:79
LH:75
BRDA:38,0,0,7
BRDA:38,0,1,1
BRDA:40,1,0,6
BRDA:40,1,1,1
BRDA:40,2,0,6
BRDA:40,2,1,1
BRDA:42,3,0,1
BRDA:68,4,0,1
BRDA:90,5,0,1
BRDA:101,6,0,0
BRDA:116,7,0,1
BRDA:126,8,0,2
BRDA:126,8,1,0
BRDA:143,9,0,1
BRDA:143,10,0,6
BRDA:143,10,1,5
BRDA:161,11,0,1
BRDA:161,12,0,4
BRDA:161,12,1,4
BRDA:161,12,2,3
BRDA:180,13,0,1
BRDA:180,14,0,3
BRDA:180,14,1,3
BRDA:200,15,0,2
BRDA:200,15,1,0
BRDA:202,16,0,0
BRDA:216,17,0,1
BRDA:234,18,0,1
BRDA:235,19,0,3
BRDA:244,20,0,1
BRDA:255,21,0,1
BRDA:260,22,0,4
BRDA:260,23,0,5
BRDA:260,23,1,1
BRDA:264,24,0,1
BRDA:269,25,0,1
BRDA:274,26,0,1
BRDA:274,27,0,2
BRDA:274,27,1,2
BRF:39
BRH:35
end_of_record
TN:
SF:src/middlewares/error.middleware.ts
FN:18,(anonymous_1)
FN:45,(anonymous_2)
FN:46,(anonymous_3)
FNF:3
FNH:3
FNDA:3,(anonymous_1)
FNDA:4,(anonymous_2)
FNDA:4,(anonymous_3)
DA:2,1
DA:3,1
DA:4,1
DA:18,1
DA:24,3
DA:25,3
DA:26,3
DA:28,3
DA:30,3
DA:44,1
DA:45,1
DA:46,4
DA:47,4
DA:48,4
DA:50,1
LF:15
LH:15
BRDA:24,0,0,3
BRDA:24,0,1,2
BRDA:25,1,0,3
BRDA:25,1,1,0
BRDA:26,2,0,3
BRDA:26,2,1,2
BRDA:28,3,0,3
BRDA:28,3,1,0
BRDA:33,4,0,3
BRDA:33,4,1,3
BRDA:34,5,0,3
BRDA:34,5,1,1
BRF:12
BRH:10
end_of_record
TN:
SF:src/middlewares/transaction.middleware.ts
FN:11,withTransaction
FN:12,(anonymous_2)
FN:14,(anonymous_3)
FNF:3
FNH:3
FNDA:4,withTransaction
FNDA:4,(anonymous_2)
FNDA:3,(anonymous_3)
DA:2,1
DA:11,1
DA:12,4
DA:14,4
DA:15,3
DA:16,2
DA:19,2
LF:7
LH:7
BRF:0
BRH:0
end_of_record
TN:
SF:src/middlewares/validation.middleware.ts
FN:13,(anonymous_1)
FN:17,(anonymous_2)
FNF:2
FNH:2
FNDA:8,(anonymous_1)
FNDA:8,(anonymous_2)
DA:3,1
DA:4,1
DA:5,1
DA:13,1
DA:17,8
DA:18,8
DA:19,8
DA:20,8
DA:22,7
DA:23,3
DA:24,3
DA:32,4
DA:33,4
DA:35,4
DA:36,3
DA:38,1
LF:16
LH:16
BRDA:15,0,0,6
BRDA:19,1,0,8
BRDA:19,1,1,0
BRDA:22,2,0,3
BRDA:35,3,0,3
BRDA:35,3,1,1
BRF:6
BRH:5
end_of_record
TN:
SF:src/models/login-attempt.model.ts
FNF:0
FNH:0
DA:1,2
DA:10,2
DA:27,2
DA:29,2
LF:4
LH:4
BRF:0
BRH:0
end_of_record
TN:
SF:src/models/plan.model.ts
FNF:0
FNH:0
DA:1,1
DA:22,1
DA:41,1
LF:3
LH:3
BRF:0
BRH:0
end_of_record
TN:
SF:src/models/reset-token.model.ts
FNF:0
FNH:0
DA:1,3
DA:12,3
DA:36,3
LF:3
LH:3
BRF:0
BRH:0
end_of_record
TN:
SF:src/models/session.model.ts
FN:40,(anonymous_1)
FN:47,(anonymous_2)
FN:54,(anonymous_3)
FN:58,(anonymous_4)
FN:62,(anonymous_5)
FNF:5
FNH:5
FNDA:2,(anonymous_1)
FNDA:2,(anonymous_2)
FNDA:2,(anonymous_3)
FNDA:2,(anonymous_4)
FNDA:1,(anonymous_5)
DA:1,4
DA:2,4
DA:3,4
DA:4,4
DA:23,4
DA:40,4
DA:41,2
DA:42,2
DA:43,2
DA:44,2
DA:47,4
DA:48,2
DA:49,2
DA:50,2
DA:51,2
DA:54,4
DA:55,2
DA:58,4
DA:59,2
DA:62,4
DA:63,1
DA:64,1
DA:65,1
DA:67,1
DA:68,1
DA:70,1
DA:71,1
DA:73,1
DA:74,1
DA:77,4
DA:78,4
DA:79,4
DA:81,4
LF:33
LH:33
BRDA:40,0,0,1
BRDA:42,1,0,0
BRDA:42,1,1,2
BRDA:47,2,0,1
BRDA:49,3,0,0
BRDA:49,3,1,2
BRDA:67,4,0,0
BRDA:67,4,1,1
BRDA:68,5,0,0
BRDA:68,5,1,1
BRF:10
BRH:6
end_of_record
TN:
SF:src/models/subscription.model.ts
FN:45,(anonymous_0)
FN:50,(anonymous_1)
FNF:2
FNH:2
FNDA:1,(anonymous_0)
FNDA:2,(anonymous_1)
DA:1,1
DA:23,1
DA:45,1
DA:46,1
DA:47,1
DA:50,1
DA:52,2
DA:55,2
DA:56,2
DA:57,2
DA:58,2
DA:59,2
DA:62,1
DA:63,1
DA:65,1
LF:15
LH:15
BRDA:52,0,0,1
BRDA:52,0,1,1
BRF:2
BRH:2
end_of_record
TN:
SF:src/models/user.model.ts
FN:48,(anonymous_1)
FN:55,(anonymous_2)
FNF:2
FNH:1
FNDA:0,(anonymous_1)
FNDA:2,(anonymous_2)
DA:2,6
DA:3,6
DA:21,6
DA:48,6
DA:49,0
DA:50,0
DA:52,0
DA:55,6
DA:56,2
DA:59,6
LF:10
LH:7
BRDA:49,0,0,0
BRF:1
BRH:0
end_of_record
TN:
SF:src/models/verification-token.model.ts
FNF:0
FNH:0
DA:1,3
DA:12,3
DA:36,3
LF:3
LH:3
BRF:0
BRH:0
end_of_record
TN:
SF:src/routes/index.ts
FN:6,(anonymous_1)
FN:8,(anonymous_2)
FNF:2
FNH:2
FNDA:2,(anonymous_1)
FNDA:2,(anonymous_2)
DA:2,1
DA:3,1
DA:4,1
DA:6,1
DA:8,2
DA:9,2
DA:10,2
DA:16,2
LF:8
LH:8
BRF:0
BRH:0
end_of_record
TN:
SF:src/routes/v1/auth.routes.ts
FNF:0
FNH:0
DA:1,1
DA:2,1
DA:11,1
DA:12,1
DA:20,1
DA:54,1
DA:78,1
DA:107,1
DA:132,1
DA:164,1
DA:210,1
DA:223,1
DA:225,1
LF:13
LH:13
BRF:0
BRH:0
end_of_record
TN:
SF:src/routes/v1/index.ts
FNF:0
FNH:0
DA:1,1
DA:2,1
DA:3,1
DA:5,1
DA:8,1
DA:9,1
DA:11,1
LF:7
LH:7
BRF:0
BRH:0
end_of_record
TN:
SF:src/routes/v1/user.routes.ts
FNF:0
FNH:0
DA:1,1
DA:2,1
DA:3,1
DA:4,1
DA:5,1
DA:7,1
DA:35,1
DA:71,1
DA:110,1
DA:112,1
LF:10
LH:10
BRF:0
BRH:0
end_of_record
TN:
SF:src/services/auth.service.ts
FN:25,(anonymous_1)
FN:91,(anonymous_2)
FN:137,(anonymous_3)
FN:234,(anonymous_4)
FN:242,(anonymous_5)
FN:251,(anonymous_6)
FN:255,(anonymous_7)
FN:278,(anonymous_8)
FN:311,(anonymous_9)
FN:317,(anonymous_10)
FN:387,(anonymous_11)
FNF:11
FNH:11
FNDA:4,(anonymous_1)
FNDA:4,(anonymous_2)
FNDA:4,(anonymous_3)
FNDA:4,(anonymous_4)
FNDA:3,(anonymous_5)
FNDA:1,(anonymous_6)
FNDA:2,(anonymous_7)
FNDA:4,(anonymous_8)
FNDA:2,(anonymous_9)
FNDA:4,(anonymous_10)
FNDA:3,(anonymous_11)
DA:1,3
DA:6,3
DA:7,3
DA:8,3
DA:9,3
DA:10,3
DA:11,3
DA:12,3
DA:13,3
DA:14,3
DA:16,3
DA:24,3
DA:32,4
DA:34,4
DA:35,2
DA:40,2
DA:41,1
DA:43,1
DA:49,2
DA:50,1
DA:57,2
DA:65,2
DA:67,2
DA:68,2
DA:73,2
DA:75,2
DA:77,2
DA:88,2
DA:92,4
DA:93,4
DA:94,1
DA:101,3
DA:102,1
DA:103,1
DA:110,2
DA:111,2
DA:112,1
DA:119,1
DA:120,1
DA:121,1
DA:123,1
DA:134,1
DA:139,4
DA:142,4
DA:143,0
DA:150,4
DA:152,4
DA:153,1
DA:154,1
DA:161,3
DA:162,1
DA:163,1
DA:170,2
DA:171,0
DA:178,2
DA:179,2
DA:180,1
DA:181,1
DA:188,1
DA:190,1
DA:191,1
DA:193,1
DA:199,1
DA:205,1
DA:206,1
DA:208,1
DA:217,1
DA:219,1
DA:231,1
DA:235,4
DA:236,4
DA:237,4
DA:239,0
DA:243,3
DA:248,3
DA:252,1
DA:256,2
DA:257,2
DA:258,1
DA:266,1
DA:267,1
DA:272,1
DA:275,1
DA:279,4
DA:280,4
DA:281,1
DA:288,3
DA:289,1
DA:290,1
DA:297,2
DA:298,2
DA:299,1
DA:306,1
DA:307,1
DA:308,1
DA:312,2
DA:318,4
DA:320,4
DA:326,3
DA:328,3
DA:329,1
DA:337,2
DA:338,1
DA:339,1
DA:347,1
DA:348,1
DA:349,1
DA:352,1
DA:358,1
DA:365,1
DA:366,1
DA:368,1
DA:369,1
DA:370,1
DA:371,1
DA:372,1
DA:374,1
DA:377,3
DA:378,1
DA:379,1
DA:380,1
DA:383,3
DA:388,3
DA:390,3
DA:391,3
DA:396,3
DA:397,1
LF:127
LH:124
BRDA:34,0,0,2
BRDA:34,0,1,2
BRDA:34,1,0,4
BRDA:34,1,1,3
BRDA:40,2,0,1
BRDA:40,2,1,1
BRDA:49,3,0,1
BRDA:93,4,0,1
BRDA:101,5,0,1
BRDA:111,6,0,1
BRDA:142,7,0,0
BRDA:142,8,0,4
BRDA:142,8,1,0
BRDA:152,9,0,1
BRDA:161,10,0,1
BRDA:170,11,0,0
BRDA:179,12,0,1
BRDA:190,13,0,0
BRDA:190,13,1,1
BRDA:191,14,0,0
BRDA:191,14,1,1
BRDA:236,15,0,4
BRDA:257,16,0,1
BRDA:280,17,0,1
BRDA:288,18,0,1
BRDA:298,19,0,1
BRDA:328,20,0,1
BRDA:337,21,0,1
BRDA:347,22,0,1
BRDA:347,22,1,1
BRDA:348,23,0,0
BRDA:348,23,1,1
BRDA:349,24,0,0
BRDA:349,24,1,1
BRDA:377,25,0,1
BRDA:379,26,0,1
BRDA:396,27,0,1
BRF:37
BRH:30
end_of_record
TN:
SF:src/services/user.service.ts
FN:11,(anonymous_1)
FN:31,(anonymous_2)
FN:60,(anonymous_3)
FNF:3
FNH:3
FNDA:2,(anonymous_1)
FNDA:3,(anonymous_2)
FNDA:4,(anonymous_3)
DA:1,2
DA:6,2
DA:7,2
DA:8,2
DA:10,2
DA:12,2
DA:14,2
DA:15,1
DA:22,1
DA:34,3
DA:35,3
DA:36,1
DA:43,2
DA:45,2
DA:46,1
DA:49,2
DA:51,2
DA:61,4
DA:62,4
DA:63,1
DA:70,3
DA:71,3
DA:72,1
DA:79,2
DA:80,2
DA:83,2
DA:84,2
DA:86,1
DA:90,2
LF:29
LH:29
BRDA:14,0,0,1
BRDA:35,1,0,1
BRDA:45,2,0,1
BRDA:62,3,0,1
BRDA:71,4,0,1
BRF:5
BRH:5
end_of_record
TN:
SF:src/utils/cookie.util.ts
FN:20,(anonymous_1)
FN:28,(anonymous_2)
FN:37,(anonymous_3)
FN:46,(anonymous_4)
FN:57,(anonymous_5)
FNF:5
FNH:4
FNDA:4,(anonymous_1)
FNDA:4,(anonymous_2)
FNDA:0,(anonymous_3)
FNDA:2,(anonymous_4)
FNDA:1,(anonymous_5)
DA:2,1
DA:3,1
DA:12,1
DA:20,1
DA:21,4
DA:22,4
DA:23,0
DA:25,4
DA:28,1
DA:29,4
DA:30,4
DA:31,4
DA:37,1
DA:38,0
DA:39,0
DA:40,0
DA:46,1
DA:52,2
DA:57,1
DA:58,1
DA:66,1
LF:21
LH:17
BRDA:15,0,0,0
BRDA:15,0,1,1
BRDA:16,1,0,0
BRDA:16,1,1,1
BRDA:22,2,0,0
BRDA:29,3,0,0
BRDA:29,3,1,4
BRDA:38,4,0,0
BRDA:38,4,1,0
BRDA:50,5,0,1
BRF:10
BRH:4
end_of_record
TN:
SF:src/utils/errorHandler.util.ts
FN:7,(anonymous_0)
FNF:1
FNH:1
FNDA:28,(anonymous_0)
DA:1,15
DA:12,28
DA:13,28
DA:16,28
DA:19,28
DA:23,15
LF:6
LH:6
BRDA:9,0,0,2
BRDA:13,1,0,27
BRDA:13,1,1,1
BRF:3
BRH:3
end_of_record
TN:
SF:src/utils/logger.util.ts
FN:15,(anonymous_1)
FN:66,(anonymous_2)
FNF:2
FNH:2
FNDA:46,(anonymous_1)
FNDA:1,(anonymous_2)
DA:1,6
DA:2,6
DA:13,6
DA:16,46
DA:23,6
DA:65,6
DA:66,1
DA:69,6
LF:8
LH:8
BRDA:17,0,0,0
BRDA:17,0,1,46
BRF:2
BRH:1
end_of_record
TN:
SF:src/utils/responseHandler.util.ts
FN:11,(anonymous_0)
FN:25,(anonymous_1)
FN:33,(anonymous_2)
FN:41,(anonymous_3)
FNF:4
FNH:4
FNDA:11,(anonymous_0)
FNDA:3,(anonymous_1)
FNDA:3,(anonymous_2)
FNDA:3,(anonymous_3)
DA:2,3
DA:10,3
DA:17,11
DA:22,11
DA:30,3
DA:38,3
DA:46,3
DA:50,3
LF:8
LH:8
BRDA:13,0,0,1
BRDA:19,1,0,11
BRDA:19,1,1,4
BRDA:20,2,0,11
BRDA:20,2,1,8
BRDA:28,3,0,2
BRDA:36,4,0,2
BRDA:43,5,0,1
BRDA:48,6,0,3
BRDA:48,6,1,1
BRF:10
BRH:10
end_of_record
TN:
SF:src/utils/scheduler.util.ts
FN:5,(anonymous_1)
FN:6,(anonymous_2)
FNF:2
FNH:2
FNDA:3,(anonymous_1)
FNDA:2,(anonymous_2)
DA:1,1
DA:2,1
DA:3,1
DA:5,1
DA:6,3
DA:7,2
DA:8,2
DA:9,2
DA:10,1
DA:12,1
LF:10
LH:10
BRF:0
BRH:0
end_of_record
TN:
SF:src/validators/auth.validator.ts
FNF:0
FNH:0
DA:1,1
DA:2,1
DA:5,1
DA:15,1
DA:24,1
DA:31,1
DA:38,1
LF:7
LH:7
BRF:0
BRH:0
end_of_record
TN:
SF:src/validators/index.ts
FN:13,(anonymous_1)
FN:15,(anonymous_2)
FN:27,(anonymous_3)
FN:31,(anonymous_4)
FNF:4
FNH:4
FNDA:2,(anonymous_1)
FNDA:3,(anonymous_2)
FNDA:5,(anonymous_3)
FNDA:5,(anonymous_4)
DA:1,3
DA:3,3
DA:4,3
DA:7,3
DA:8,3
DA:9,3
DA:10,3
DA:13,3
DA:14,2
DA:15,3
DA:18,2
DA:27,3
DA:31,5
DA:32,5
DA:33,5
DA:34,5
DA:36,4
DA:37,1
DA:38,1
DA:46,3
DA:47,3
DA:49,2
DA:50,1
DA:52,1
LF:24
LH:24
BRDA:29,0,0,4
BRDA:33,1,0,5
BRDA:33,1,1,0
BRDA:36,2,0,1
BRDA:49,3,0,1
BRDA:49,3,1,1
BRF:6
BRH:5
end_of_record
TN:
SF:src/validators/user.validator.ts
FN:22,(anonymous_0)
FNF:1
FNH:1
FNDA:5,(anonymous_0)
DA:1,1
DA:2,1
DA:5,1
DA:14,1
DA:21,1
DA:22,5
LF:6
LH:6
BRF:0
BRH:0
end_of_record
